p/1587802584012.jpeg 1 0 0 225 225
p/1587802584013.jpeg 1 0 0 259 195
p/1587802584014.jpeg 1 0 0 259 194
p/1587802584015.jpeg 1 0 0 275 183
p/1587802584016.jpeg 1 0 0 183 275
p/1587802584029.jpeg 1 0 0 299 168
p/1587802584030.jpeg 1 0 0 225 225
p/1587802584031.jpeg 1 0 0 225 225
p/1587802584031.png 1 0 0 181 279
p/1587802584033.jpeg 1 0 0 290 174
p/1587802584042.jpeg 1 0 0 225 225
p/1587802584043.jpeg 1 0 0 208 243
p/1587802584045.jpeg 1 0 0 288 175
p/1587802584046.jpeg 1 0 0 277 182
p/1587802584047.jpeg 1 0 0 275 183
p/1587802584048.jpeg 1 0 0 225 225
p/1587802584059.jpeg 1 0 0 276 183
p/1587802584060.jpeg 1 0 0 225 225
p/1587802584062.jpeg 1 0 0 297 170
p/1587802584063.jpeg 1 0 0 189 267
p/1587802584065.jpeg 1 0 0 272 185
p/1587802584066.jpeg 1 0 0 275 183
p/1587802584075.jpeg 1 0 0 254 198
p/1587802584077.jpeg 1 0 0 275 183
p/1587802584078.jpeg 1 0 0 225 225
p/1587802584079.jpeg 1 0 0 225 225
p/1587802584080.jpeg 1 0 0 225 225
p/1587802584081.jpeg 1 0 0 300 168
p/1587802584082.jpeg 1 0 0 310 162
p/1587802584091.jpeg 1 0 0 259 194
p/1587802584092.jpeg 1 0 0 259 194
p/1587802584093.jpeg 1 0 0 288 175
p/1587802584094.jpeg 1 0 0 225 224
p/1587802584095.jpeg 1 0 0 183 275
p/1587802584096.jpeg 1 0 0 284 178
p/1587802584109.jpeg 1 0 0 300 168
p/1587802584110.jpeg 1 0 0 209 241
p/1587802584111.jpeg 1 0 0 279 181
p/1587802584114.jpeg 1 0 0 183 275
p/1587802584115.jpeg 1 0 0 300 168
p/1587802584116.jpeg 1 0 0 220 229
p/1587802584125.jpeg 1 0 0 275 183
p/1587802584126.jpeg 1 0 0 275 183
p/1587802584127.png 1 0 0 196 257
p/1587802584128.jpeg 1 0 0 310 163
p/1587802584131.jpeg 1 0 0 225 225
p/1587802584141.jpeg 1 0 0 301 167
p/1587802584144.jpeg 1 0 0 279 180
p/1587802584145.jpeg 1 0 0 280 180
p/1587802584147.jpeg 1 0 0 216 233
p/1587802584148.jpeg 1 0 0 284 177
p/1587802584157.jpeg 1 0 0 278 182
p/1587802584158.jpeg 1 0 0 259 194
p/1587802584161.jpeg 1 0 0 225 225
p/1587802584162.jpeg 1 0 0 275 183
p/1587802584166.jpeg 1 0 0 225 225
p/1587802584174.jpeg 1 0 0 224 224
p/1587802584175.jpeg 1 0 0 262 192
p/1587802584181.jpeg 1 0 0 196 257
p/1587802584193.jpeg 1 0 0 225 225
p/1587802584195.jpeg 1 0 0 259 194
p/1587802584208.jpeg 1 0 0 225 225
p/1587802584212.jpeg 1 0 0 298 169
p/1587802584214.jpeg 1 0 0 304 166
p/1587802584215.jpeg 1 0 0 304 166
p/1587802584227.jpeg 1 0 0 275 183
p/1587802584244.jpeg 1 0 0 259 195
p/1587802584247.jpeg 1 0 0 294 171
p/1587802584261.jpeg 1 0 0 225 225
p/1587802584264.jpeg 1 0 0 276 183
p/1587802584275.jpeg 1 0 0 275 183
p/1587802584278.jpeg 1 0 0 308 164
p/1587802584291.jpeg 1 0 0 256 197
p/1587802584293.jpeg 1 0 0 215 235
p/1587802584294.jpeg 1 0 0 183 164
p/1587802584295.jpeg 1 0 0 225 225
p/1587802584296.jpeg 1 0 0 225 225
p/1587802584297.jpeg 1 0 0 275 183
p/1587802584299.jpeg 1 0 0 198 255
p/1587802584308.jpeg 1 0 0 225 225
p/1587802584309.jpeg 1 0 0 260 194
p/1587802584310.jpeg 1 0 0 282 179
p/1587802584311.jpeg 1 0 0 284 177
p/1587802584312.jpeg 1 0 0 259 194
p/1587802584313.jpeg 1 0 0 310 162
p/1587802584314.jpeg 1 0 0 249 202
p/1587802584315.jpeg 1 0 0 225 225
p/1587802584325.jpeg 1 0 0 301 167
p/1587802584326.jpeg 1 0 0 225 225
p/1587802584329.jpeg 1 0 0 205 246
p/1587802584330.jpeg 1 0 0 194 260
p/1587802584340.jpeg 1 0 0 225 225
p/1587802584342.jpeg 1 0 0 252 200
p/1587802584343.jpeg 1 0 0 259 194
p/1587802584344.jpeg 1 0 0 81 399
p/1587802584345.jpeg 1 0 0 275 183
p/1587802584346.jpeg 1 0 0 246 205
p/1587802584347.jpeg 1 0 0 300 168
p/1587802584348.jpeg 1 0 0 181 279
p/1587802584350.jpeg 1 0 0 300 168
p/1587802584359.jpeg 1 0 0 275 183
p/1587802584360.jpeg 1 0 0 209 241
p/1587802584361.jpeg 1 0 0 274 184
p/1587802584362.jpeg 1 0 0 205 245
p/1587802584363.jpeg 1 0 0 231 218
p/1587802584364.jpeg 1 0 0 225 225
p/1587802584364.png 1 0 0 225 225
p/1587802584366.jpeg 1 0 0 275 183
p/1587802584374.jpeg 1 0 0 194 259
p/1587802584375.jpeg 1 0 0 310 163
p/1587802584376.jpeg 1 0 0 225 225
p/1587802584377.jpeg 1 0 0 275 183
p/1587802584378.jpeg 1 0 0 221 228
p/1587802584379.jpeg 1 0 0 259 194
p/1587802584380.jpeg 1 0 0 438 115
p/1587802584382.jpeg 1 0 0 284 177
p/1587802584392.jpeg 1 0 0 251 201
p/1587802584394.jpeg 1 0 0 225 224
p/1587802584395.jpeg 1 0 0 259 194
p/1587802584397.jpeg 1 0 0 275 183
p/1587802584399.jpeg 1 0 0 221 228
p/1587802584400.jpeg 1 0 0 251 201
p/1587802584408.jpeg 1 0 0 232 218
p/1587802584409.jpeg 1 0 0 259 194
p/1587802584410.jpeg 1 0 0 275 183
p/1587802584411.jpeg 1 0 0 225 225
p/1587802584411.png 1 0 0 217 233
p/1587802584413.png 1 0 0 225 225
p/1587802584414.jpeg 1 0 0 244 207
p/1587802584415.jpeg 1 0 0 242 208
p/1587802584423.jpeg 1 0 0 212 238
p/1587802584425.jpeg 1 0 0 307 164
p/1587802584426.jpeg 1 0 0 225 225
p/1587802584427.jpeg 1 0 0 275 183
p/1587802584428.jpeg 1 0 0 275 183
p/1587802584429.jpeg 1 0 0 260 194
p/1587802584430.jpeg 1 0 0 300 168
p/1587802584431.jpeg 1 0 0 275 183
p/1587802584441.jpeg 1 0 0 275 183
p/1587802584442.jpeg 1 0 0 267 189
p/1587802584443.jpeg 1 0 0 271 186
p/1587802584444.jpeg 1 0 0 225 225
p/1587802584446.jpeg 1 0 0 251 200
p/1587802584447.jpeg 1 0 0 290 174
p/1587802584448.jpeg 1 0 0 199 254
p/1587802584449.jpeg 1 0 0 275 183
p/1587802584458.jpeg 1 0 0 225 225
p/1587802584460.jpeg 1 0 0 290 174
p/1587802584461.jpeg 1 0 0 225 225
p/1587802584462.jpeg 1 0 0 275 183
p/1587802584463.jpeg 1 0 0 225 225
p/1587802584463.png 1 0 0 210 240
p/1587802584464.jpeg 1 0 0 225 225
p/1587802584466.jpeg 1 0 0 225 225
p/1587802584474.jpeg 1 0 0 259 194
p/1587802584475.jpeg 1 0 0 298 169
p/1587802584476.jpeg 1 0 0 259 194
p/1587802584477.jpeg 1 0 0 300 168
p/1587802584478.jpeg 1 0 0 156 324
p/1587802584479.jpeg 1 0 0 259 194
p/1587802584480.jpeg 1 0 0 301 168
p/1587802584481.jpeg 1 0 0 276 183
p/1587802584491.jpeg 1 0 0 246 204
p/1587802584492.jpeg 1 0 0 225 225
p/1587802584494.jpeg 1 0 0 259 194
p/1587802584495.jpeg 1 0 0 300 168
p/1587802584497.jpeg 1 0 0 259 194
p/1587802584497.png 1 0 0 300 168
p/1587802584498.jpeg 1 0 0 260 194
p/1587802584499.jpeg 1 0 0 225 225
p/1587802584508.jpeg 1 0 0 259 194
p/1587802584509.jpeg 1 0 0 275 183
p/1587802584510.jpeg 1 0 0 225 225
p/1587802584511.jpeg 1 0 0 259 194
p/1587802584512.jpeg 1 0 0 300 168
p/1587802584513.jpeg 1 0 0 259 194
p/1587802584514.jpeg 1 0 0 276 183
p/1587802584515.jpeg 1 0 0 247 204
p/1587802584516.jpeg 1 0 0 267 189
p/1587802584525.jpeg 1 0 0 275 183
p/1587802584526.jpeg 1 0 0 183 276
p/1587802584526.png 1 0 0 254 198
p/1587802584527.jpeg 1 0 0 225 225
p/1587802584528.jpeg 1 0 0 225 225
p/1587802584529.jpeg 1 0 0 261 193
p/1587802584530.jpeg 1 0 0 275 183
p/1587802584531.jpeg 1 0 0 259 194
p/1587802584532.jpeg 1 0 0 300 168
p/1587802584540.jpeg 1 0 0 207 244
p/1587802584541.jpeg 1 0 0 259 194
p/1587802584542.jpeg 1 0 0 300 168
p/1587802582165.jpeg 1 0 0 225 225
p/1587802582200.jpeg 1 0 0 225 225
p/1587802582205.jpeg 1 0 0 225 225
p/1587802582206.jpeg 1 0 0 232 217
p/1587802582208.jpeg 1 0 0 275 183
p/1587802582210.jpeg 1 0 0 290 174
p/1587802582211.jpeg 1 0 0 275 183
p/1587802582212.jpeg 1 0 0 225 225
p/1587802582234.jpeg 1 0 0 210 240
p/1587802582235.jpeg 1 0 0 299 169
p/1587802582236.jpeg 1 0 0 225 225
p/1587802582238.jpeg 1 0 0 300 168
p/1587802582401.jpeg 1 0 0 225 225
p/1587802582403.jpeg 1 0 0 275 183
p/1587802582404.jpeg 1 0 0 225 225
p/1587802582405.jpeg 1 0 0 100 100
p/1587802582411.png 1 0 0 100 100
p/1587802582412.png 1 0 0 100 100
p/1587802582413.jpeg 1 0 0 310 163
p/1587802582416.jpeg 1 0 0 250 201
p/1587802582419.jpeg 1 0 0 306 165
p/1587802582422.jpeg 1 0 0 225 225
p/1587802582425.jpeg 1 0 0 225 225
p/1587802582426.png 1 0 0 216 233
p/1587802582428.jpeg 1 0 0 224 224
p/1587802582429.jpeg 1 0 0 210 240
p/1587802582430.jpeg 1 0 0 221 229
p/1587802582432.jpeg 1 0 0 224 224
p/1587802582434.jpeg 1 0 0 199 180
p/1587802582435.jpeg 1 0 0 300 168
p/1587802582436.jpeg 1 0 0 216 233
p/1587802582437.jpeg 1 0 0 262 192
p/1587802582438.jpeg 1 0 0 225 225
p/1587802582445.jpeg 1 0 0 298 169
p/1587802582447.jpeg 1 0 0 225 225
p/1587802582458.jpeg 1 0 0 269 188
p/1587802582459.jpeg 1 0 0 290 174
p/1587802582462.jpeg 1 0 0 225 225
p/1587802582465.jpeg 1 0 0 100 100
p/1587802582466.png 1 0 0 100 100
p/1587802582467.jpeg 1 0 0 100 100
p/1587802582469.jpeg 1 0 0 188 268
p/1587802582472.jpeg 1 0 0 239 210
p/1587802582476.jpeg 1 0 0 259 194
p/1587802582477.jpeg 1 0 0 216 233
p/1587802582481.jpeg 1 0 0 271 186
p/1587802582484.jpeg 1 0 0 275 183
p/1587802582486.jpeg 1 0 0 279 181
p/1587802582487.jpeg 1 0 0 225 225
p/1587802582489.jpeg 1 0 0 227 222
p/1587802582491.jpeg 1 0 0 212 238
p/1587802582492.jpeg 1 0 0 225 225
p/1587802582495.jpeg 1 0 0 236 213
p/1587802582496.jpeg 1 0 0 225 225
p/1587802582497.jpeg 1 0 0 225 225
p/1587802582499.jpeg 1 0 0 225 225
p/1587802582501.jpeg 1 0 0 325 155
p/1587802582502.jpeg 1 0 0 275 183
p/1587802582507.jpeg 1 0 0 225 225
p/1587802582509.jpeg 1 0 0 300 168
p/1587802582512.jpeg 1 0 0 275 183
p/1587802582514.jpeg 1 0 0 259 194
p/1587802582515.jpeg 1 0 0 225 225
p/1587802582517.jpeg 1 0 0 279 180
p/1587802582519.jpeg 1 0 0 259 194
p/1587802582520.jpeg 1 0 0 275 183
p/1587802582523.jpeg 1 0 0 225 225
p/1587802582528.jpeg 1 0 0 225 225
p/1587802582533.jpeg 1 0 0 265 190
p/1587802582536.jpeg 1 0 0 275 183
p/1587802582538.jpeg 1 0 0 225 225
p/1587802582541.jpeg 1 0 0 225 225
p/1587802582542.jpeg 1 0 0 276 182
p/1587802582545.jpeg 1 0 0 251 201
p/1587802582550.png 1 0 0 225 225
p/1587802582558.jpeg 1 0 0 258 196
p/1587802582638.jpeg 1 0 0 222 227
p/1587802582639.jpeg 1 0 0 225 225
p/1587802582642.jpeg 1 0 0 276 183
p/1587802582644.jpeg 1 0 0 259 194
p/1587802582646.jpeg 1 0 0 225 225
p/1587802582682.jpeg 1 0 0 310 163
p/1587802582727.jpeg 1 0 0 246 205
p/1587802582728.jpeg 1 0 0 274 184
p/1587802582756.jpeg 1 0 0 225 225
p/1587802582760.jpeg 1 0 0 259 194
p/1587802582761.jpeg 1 0 0 225 225
p/1587802582764.jpeg 1 0 0 225 225
p/1587802582767.jpeg 1 0 0 225 225
p/1587802582796.jpeg 1 0 0 225 225
p/1587802582798.jpeg 1 0 0 261 193
p/1587802582823.jpeg 1 0 0 225 225
p/1587802582826.jpeg 1 0 0 256 197
p/1587802582829.jpeg 1 0 0 275 183
p/1587802582830.jpeg 1 0 0 284 177
p/1587802582861.jpeg 1 0 0 194 260
p/1587802582862.jpeg 1 0 0 275 183
p/1587802582865.jpeg 1 0 0 289 174
p/1587802582897.jpeg 1 0 0 225 225
p/1587802582937.jpeg 1 0 0 259 194
p/1587802582939.jpeg 1 0 0 310 163
p/1587802582940.jpeg 1 0 0 197 256
p/1587802582946.jpeg 1 0 0 225 225
p/1587802582975.jpeg 1 0 0 225 225
p/1587802582978.jpeg 1 0 0 290 174
p/1587802583019.jpeg 1 0 0 225 225
p/1587802583101.png 1 0 0 225 225
p/1587802583176.jpeg 1 0 0 300 168
p/1587802583218.jpeg 1 0 0 218 231
p/1587802583229.jpeg 1 0 0 325 155
p/1587802583231.jpeg 1 0 0 270 187
p/1587802583268.jpeg 1 0 0 225 225
p/1587802583270.jpeg 1 0 0 225 225
p/1587802583271.jpeg 1 0 0 275 183
p/1587802583281.jpeg 1 0 0 225 225
p/1587802583305.jpeg 1 0 0 297 170
p/1587802583308.jpeg 1 0 0 275 183
p/1587802583309.jpeg 1 0 0 223 226
p/1587802583315.jpeg 1 0 0 271 186
p/1587802583340.png 1 0 0 232 217
p/1587802583374.jpeg 1 0 0 265 190
p/1587802583376.jpeg 1 0 0 365 138
p/1587802583410.jpeg 1 0 0 225 225
p/1587802583412.jpeg 1 0 0 275 183
p/1587802583413.jpeg 1 0 0 251 201
p/1587802583441.jpeg 1 0 0 275 183
p/1587802583443.jpeg 1 0 0 183 275
p/1587802583445.jpeg 1 0 0 216 234
p/1587802583446.jpeg 1 0 0 259 194
p/1587802583449.jpeg 1 0 0 225 225
p/1587802583479.jpeg 1 0 0 275 183
p/1587802583480.jpeg 1 0 0 225 225
p/1587802583481.jpeg 1 0 0 225 224
p/1587802583509.jpeg 1 0 0 240 210
p/1587802583510.jpeg 1 0 0 275 183
p/1587802583511.jpeg 1 0 0 225 225
p/1587802583512.jpeg 1 0 0 284 177
p/1587802583514.jpeg 1 0 0 249 203
p/1587802583544.jpeg 1 0 0 259 194
p/1587802583546.jpeg 1 0 0 275 183
p/1587802583570.jpeg 1 0 0 188 268
p/1587802583572.jpeg 1 0 0 225 225
p/1587802583574.jpeg 1 0 0 201 251
p/1587802583607.jpeg 1 0 0 224 224
p/1587802583612.jpeg 1 0 0 243 207
p/1587802583614.jpeg 1 0 0 300 168
p/1587802583645.jpeg 1 0 0 225 225
p/1587802583648.jpeg 1 0 0 275 183
p/1587802583677.jpeg 1 0 0 286 176
p/1587802583679.jpeg 1 0 0 265 190
p/1587802583680.jpeg 1 0 0 300 168
p/1587802583706.jpeg 1 0 0 275 183
p/1587802583709.jpeg 1 0 0 218 231
p/1587802583710.jpeg 1 0 0 245 205
p/1587802583715.jpeg 1 0 0 239 211
p/1587802583748.jpeg 1 0 0 183 275
p/1587802583778.jpeg 1 0 0 275 183
p/1587802583780.jpeg 1 0 0 275 183
p/1587802583781.jpeg 1 0 0 299 168
p/1587802583809.jpeg 1 0 0 259 194
p/1587802583811.jpeg 1 0 0 374 135
p/1587802583813.jpeg 1 0 0 206 244
p/1587802583844.jpeg 1 0 0 255 197
p/1587802583845.jpeg 1 0 0 225 225
p/1587802583849.jpeg 1 0 0 272 185
p/1587802583890.jpeg 1 0 0 293 172
p/1587802583892.jpeg 1 0 0 275 183
p/1587802583894.jpeg 1 0 0 300 168
p/1587802583897.jpeg 1 0 0 259 194
p/1587802583900.jpeg 1 0 0 367 137
p/1587802583911.jpeg 1 0 0 275 183
p/1587802583912.jpeg 1 0 0 254 199
p/1587802583914.png 1 0 0 220 229
p/1587802583915.jpeg 1 0 0 212 238
p/1587802583924.jpeg 1 0 0 318 159
p/1587802583925.jpeg 1 0 0 300 168
p/1587802583926.jpeg 1 0 0 275 183
p/1587802583927.jpeg 1 0 0 259 194
p/1587802583928.jpeg 1 0 0 259 194
p/1587802583929.jpeg 1 0 0 183 275
p/1587802583930.jpeg 1 0 0 225 225
p/1587802583931.jpeg 1 0 0 219 230
p/1587802583932.jpeg 1 0 0 343 147
p/1587802583941.jpeg 1 0 0 275 183
p/1587802583943.jpeg 1 0 0 300 168
p/1587802583944.jpeg 1 0 0 225 225
p/1587802583946.jpeg 1 0 0 299 169
p/1587802583947.jpeg 1 0 0 253 199
p/1587802583959.jpeg 1 0 0 168 300
p/1587802583960.jpeg 1 0 0 251 201
p/1587802583961.jpeg 1 0 0 269 188
p/1587802583963.jpeg 1 0 0 275 183
p/1587802583964.jpeg 1 0 0 300 168
p/1587802583965.jpeg 1 0 0 258 195
p/1587802583975.jpeg 1 0 0 225 225
p/1587802583976.jpeg 1 0 0 222 227
p/1587802583977.jpeg 1 0 0 259 194
p/1587802583978.jpeg 1 0 0 285 177
p/1587802583979.jpeg 1 0 0 225 225
p/1587802583980.jpeg 1 0 0 300 168
p/1587802583981.jpeg 1 0 0 223 226
p/1587802583982.jpeg 1 0 0 275 183
p/1587802583993.jpeg 1 0 0 225 225
p/1587802583995.jpeg 1 0 0 281 179
p/1587802583996.jpeg 1 0 0 236 213
p/1587802583997.jpeg 1 0 0 308 164
p/1587802583998.jpeg 1 0 0 235 214
p/1587802583999.jpeg 1 0 0 242 208